<?xml version="1.0" encoding="UTF-8"?>
<testsuite name="projects.mum.edu.ExtraCreditEaApplicationTests" time="0.009" tests="1" errors="1" skipped="0" failures="0">
  <properties>
    <property name="java.runtime.name" value="Java(TM) SE Runtime Environment"/>
    <property name="sun.boot.library.path" value="C:\Program Files\Java\jdk1.8.0_91\jre\bin"/>
    <property name="java.vm.version" value="25.91-b15"/>
    <property name="java.vm.vendor" value="Oracle Corporation"/>
    <property name="maven.multiModuleProjectDirectory" value="C:\Users\sahib\Documents\workspace-sts-3.8.1.RELEASE\extra-credit-ea"/>
    <property name="java.vendor.url" value="http://java.oracle.com/"/>
    <property name="path.separator" value=";"/>
    <property name="guice.disable.misplaced.annotation.check" value="true"/>
    <property name="java.vm.name" value="Java HotSpot(TM) 64-Bit Server VM"/>
    <property name="file.encoding.pkg" value="sun.io"/>
    <property name="user.script" value=""/>
    <property name="user.country" value="US"/>
    <property name="sun.java.launcher" value="SUN_STANDARD"/>
    <property name="sun.os.patch.level" value=""/>
    <property name="java.vm.specification.name" value="Java Virtual Machine Specification"/>
    <property name="user.dir" value="C:\Users\sahib\Documents\workspace-sts-3.8.1.RELEASE\extra-credit-ea"/>
    <property name="java.runtime.version" value="1.8.0_91-b15"/>
    <property name="java.awt.graphicsenv" value="sun.awt.Win32GraphicsEnvironment"/>
    <property name="java.endorsed.dirs" value="C:\Program Files\Java\jdk1.8.0_91\jre\lib\endorsed"/>
    <property name="os.arch" value="amd64"/>
    <property name="java.io.tmpdir" value="C:\Users\sahib\AppData\Local\Temp\"/>
    <property name="line.separator" value="&#10;"/>
    <property name="java.vm.specification.vendor" value="Oracle Corporation"/>
    <property name="user.variant" value=""/>
    <property name="os.name" value="Windows 10"/>
    <property name="classworlds.conf" value="C:\Users\sahib\Documents\workspace-sts-3.8.1.RELEASE\.metadata\.plugins\org.eclipse.m2e.launching\launches\m2conf3510420361751207152.tmp"/>
    <property name="sun.jnu.encoding" value="Cp1252"/>
    <property name="java.library.path" value="C:\Program Files\Java\jdk1.8.0_91\bin;C:\WINDOWS\Sun\Java\bin;C:\WINDOWS\system32;C:\WINDOWS;C:/Program Files/Java/jre1.8.0_77/bin/server;C:/Program Files/Java/jre1.8.0_77/bin;C:/Program Files/Java/jre1.8.0_77/lib/amd64;C:\ProgramData\Oracle\Java\javapath;C:\Program Files (x86)\Java\jdk1.7.0_55;C:\Program Files (x86)\Intel\iCLS Client\;C:\Program Files\Intel\iCLS Client\;C:\WINDOWS\system32;C:\WINDOWS;C:\WINDOWS\System32\Wbem;C:\WINDOWS\System32\WindowsPowerShell\v1.0\;C:\Program Files (x86)\Intel\Intel(R) Management Engine Components\DAL;C:\Program Files\Intel\Intel(R) Management Engine Components\DAL;C:\Program Files (x86)\Intel\Intel(R) Management Engine Components\IPT;C:\Program Files\Intel\Intel(R) Management Engine Components\IPT;C:\Program Files (x86)\Skype\Phone\;C:\Program Files\TortoiseSVN\bin;C:\WINDOWS\system32\config\systemprofile\.dnx\bin;C:\Program Files\Microsoft DNX\Dnvm\;C:\Program Files\Microsoft SQL Server\120\Tools\Binn\;C:\Program Files\Microsoft SQL Server\130\Tools\Binn\;C:\Program Files (x86)\Windows Kits\10\Windows Performance Toolkit\;C:\Program Files (x86)\nodejs\;C:\xampp\php;C:\ProgramData\ComposerSetup\bin;C:\Program Files\Microsoft SQL Server\Client SDK\ODBC\110\Tools\Binn\;C:\Program Files (x86)\Microsoft SQL Server\120\Tools\Binn\;C:\Program Files\Microsoft SQL Server\120\DTS\Binn\;C:\Program Files (x86)\Microsoft SQL Server\120\Tools\Binn\ManagementStudio\;C:\Program Files (x86)\Microsoft SQL Server\120\DTS\Binn\;C:\Program Files\Intel\WiFi\bin\;C:\Program Files\Common Files\Intel\WirelessCommon\;C:\Program Files\Git\cmd;C:\cURL\bin;C:\pik;C:\DevKit\bin;I:\JAVA_HOME\protoc-2.5.0-win32;I:\JAVA_HOME\apache-maven-3.3.9\bin;C:\Users\sahib\AppData\Local\Programs\Python\Python35-32\Scripts;C:\Program Files\TortoiseGit\bin;C:\Program Files\Microsoft SQL Server\110\Tools\Binn\;c:\Program Files (x86)\Microsoft SQL Server\110\Tools\Binn\;c:\Program Files\Microsoft SQL Server\110\DTS\Binn\;C:\Program Files (x86)\Microsoft SQL Server\100\Tools\Binn\;C:\Program Files (x86)\Microsoft SQL Server\100\DTS\Binn\;C:\Users\sahib\AppData\Local\Programs\Python\Python35-32\Scripts\;C:\Users\sahib\AppData\Local\Programs\Python\Python35-32\;C:\RailsInstaller\Git\cmd;C:\RailsInstaller\Ruby2.2.0\bin;C:\Ruby22\bin;C:\DevKit\bin;C:\Users\sahib\AppData\Roaming\npm;C:\Users\sahib\AppData\Roaming\Composer\vendor\bin;C:\cURL\bin;C:\Program Files (x86)\scala\bin;%USERPROFILE%\AppData\Local\Microsoft\WindowsApps;;I:\STS\sts-bundle\sts-3.8.1.RELEASE;;."/>
    <property name="java.specification.name" value="Java Platform API Specification"/>
    <property name="java.class.version" value="52.0"/>
    <property name="sun.management.compiler" value="HotSpot 64-Bit Tiered Compilers"/>
    <property name="os.version" value="10.0"/>
    <property name="user.home" value="C:\Users\sahib"/>
    <property name="user.timezone" value="GMT-05:00"/>
    <property name="java.awt.printerjob" value="sun.awt.windows.WPrinterJob"/>
    <property name="java.specification.version" value="1.8"/>
    <property name="file.encoding" value="Cp1252"/>
    <property name="user.name" value="sahib"/>
    <property name="java.class.path" value="/I:/STS/sts-bundle/sts-3.8.1.RELEASE/plugins/org.eclipse.m2e.maven.runtime_1.7.0.20160603-1931/jars/plexus-classworlds-2.5.2.jar"/>
    <property name="java.vm.specification.version" value="1.8"/>
    <property name="sun.arch.data.model" value="64"/>
    <property name="java.home" value="C:\Program Files\Java\jdk1.8.0_91\jre"/>
    <property name="sun.java.command" value="org.codehaus.plexus.classworlds.launcher.Launcher -Ppom.xml -B install"/>
    <property name="java.specification.vendor" value="Oracle Corporation"/>
    <property name="user.language" value="en"/>
    <property name="awt.toolkit" value="sun.awt.windows.WToolkit"/>
    <property name="java.vm.info" value="mixed mode"/>
    <property name="java.version" value="1.8.0_91"/>
    <property name="java.ext.dirs" value="C:\Program Files\Java\jdk1.8.0_91\jre\lib\ext;C:\WINDOWS\Sun\Java\lib\ext"/>
    <property name="sun.boot.class.path" value="C:\Program Files\Java\jdk1.8.0_91\jre\lib\resources.jar;C:\Program Files\Java\jdk1.8.0_91\jre\lib\rt.jar;C:\Program Files\Java\jdk1.8.0_91\jre\lib\sunrsasign.jar;C:\Program Files\Java\jdk1.8.0_91\jre\lib\jsse.jar;C:\Program Files\Java\jdk1.8.0_91\jre\lib\jce.jar;C:\Program Files\Java\jdk1.8.0_91\jre\lib\charsets.jar;C:\Program Files\Java\jdk1.8.0_91\jre\lib\jfr.jar;C:\Program Files\Java\jdk1.8.0_91\jre\classes"/>
    <property name="java.vendor" value="Oracle Corporation"/>
    <property name="maven.home" value="C:\Users\sahib\Documents\workspace-sts-3.8.1.RELEASE\extra-credit-ea\EMBEDDED"/>
    <property name="file.separator" value="\"/>
    <property name="java.vendor.url.bug" value="http://bugreport.sun.com/bugreport/"/>
    <property name="sun.cpu.endian" value="little"/>
    <property name="sun.io.unicode.encoding" value="UnicodeLittle"/>
    <property name="sun.desktop" value="windows"/>
    <property name="sun.cpu.isalist" value="amd64"/>
  </properties>
  <testcase name="initializationError" classname="projects.mum.edu.ExtraCreditEaApplicationTests" time="0.009">
    <error message="Unable to find a @SpringBootConfiguration, you need to use @ContextConfiguration or @SpringBootTest(classes=...) with your test" type="java.lang.IllegalStateException"><![CDATA[java.lang.IllegalStateException: Unable to find a @SpringBootConfiguration, you need to use @ContextConfiguration or @SpringBootTest(classes=...) with your test
	at org.springframework.util.Assert.state(Assert.java:392)
	at org.springframework.boot.test.context.SpringBootTestContextBootstrapper.getOrFindConfigurationClasses(SpringBootTestContextBootstrapper.java:156)
	at org.springframework.boot.test.context.SpringBootTestContextBootstrapper.processMergedContextConfiguration(SpringBootTestContextBootstrapper.java:116)
	at org.springframework.test.context.support.AbstractTestContextBootstrapper.buildMergedContextConfiguration(AbstractTestContextBootstrapper.java:409)
	at org.springframework.test.context.support.AbstractTestContextBootstrapper.buildDefaultMergedContextConfiguration(AbstractTestContextBootstrapper.java:323)
	at org.springframework.test.context.support.AbstractTestContextBootstrapper.buildMergedContextConfiguration(AbstractTestContextBootstrapper.java:277)
	at org.springframework.test.context.support.AbstractTestContextBootstrapper.buildTestContext(AbstractTestContextBootstrapper.java:112)
	at org.springframework.boot.test.context.SpringBootTestContextBootstrapper.buildTestContext(SpringBootTestContextBootstrapper.java:74)
	at org.springframework.test.context.TestContextManager.<init>(TestContextManager.java:120)
	at org.springframework.test.context.TestContextManager.<init>(TestContextManager.java:105)
	at org.springframework.test.context.junit4.SpringJUnit4ClassRunner.createTestContextManager(SpringJUnit4ClassRunner.java:152)
	at org.springframework.test.context.junit4.SpringJUnit4ClassRunner.<init>(SpringJUnit4ClassRunner.java:143)
	at org.springframework.test.context.junit4.SpringRunner.<init>(SpringRunner.java:49)
	at sun.reflect.NativeConstructorAccessorImpl.newInstance0(Native Method)
	at sun.reflect.NativeConstructorAccessorImpl.newInstance(NativeConstructorAccessorImpl.java:62)
	at sun.reflect.DelegatingConstructorAccessorImpl.newInstance(DelegatingConstructorAccessorImpl.java:45)
	at java.lang.reflect.Constructor.newInstance(Constructor.java:423)
	at org.junit.internal.builders.AnnotatedBuilder.buildRunner(AnnotatedBuilder.java:104)
	at org.junit.internal.builders.AnnotatedBuilder.runnerForClass(AnnotatedBuilder.java:86)
	at org.junit.runners.model.RunnerBuilder.safeRunnerForClass(RunnerBuilder.java:59)
	at org.junit.internal.builders.AllDefaultPossibilitiesBuilder.runnerForClass(AllDefaultPossibilitiesBuilder.java:26)
	at org.junit.runners.model.RunnerBuilder.safeRunnerForClass(RunnerBuilder.java:59)
	at org.junit.internal.requests.ClassRequest.getRunner(ClassRequest.java:33)
	at org.apache.maven.surefire.junit4.JUnit4Provider.execute(JUnit4Provider.java:283)
	at org.apache.maven.surefire.junit4.JUnit4Provider.executeWithRerun(JUnit4Provider.java:173)
	at org.apache.maven.surefire.junit4.JUnit4Provider.executeTestSet(JUnit4Provider.java:153)
	at org.apache.maven.surefire.junit4.JUnit4Provider.invoke(JUnit4Provider.java:128)
	at org.apache.maven.surefire.booter.ForkedBooter.invokeProviderInSameClassLoader(ForkedBooter.java:203)
	at org.apache.maven.surefire.booter.ForkedBooter.runSuitesInProcess(ForkedBooter.java:155)
	at org.apache.maven.surefire.booter.ForkedBooter.main(ForkedBooter.java:103)
]]></error>
    <system-out><![CDATA[18:21:23.745 [main] DEBUG org.springframework.test.context.junit4.SpringJUnit4ClassRunner - SpringJUnit4ClassRunner constructor called with [class projects.mum.edu.ExtraCreditEaApplicationTests]
18:21:23.754 [main] DEBUG org.springframework.test.context.BootstrapUtils - Instantiating CacheAwareContextLoaderDelegate from class [org.springframework.test.context.cache.DefaultCacheAwareContextLoaderDelegate]
18:21:23.782 [main] DEBUG org.springframework.test.context.BootstrapUtils - Instantiating BootstrapContext using constructor [public org.springframework.test.context.support.DefaultBootstrapContext(java.lang.Class,org.springframework.test.context.CacheAwareContextLoaderDelegate)]
18:21:23.824 [main] DEBUG org.springframework.test.context.BootstrapUtils - Instantiating TestContextBootstrapper for test class [projects.mum.edu.ExtraCreditEaApplicationTests] from class [org.springframework.boot.test.context.SpringBootTestContextBootstrapper]
18:21:23.840 [main] INFO org.springframework.boot.test.context.SpringBootTestContextBootstrapper - Neither @ContextConfiguration nor @ContextHierarchy found for test class [projects.mum.edu.ExtraCreditEaApplicationTests], using SpringBootContextLoader
18:21:23.844 [main] DEBUG org.springframework.test.context.support.AbstractContextLoader - Did not detect default resource location for test class [projects.mum.edu.ExtraCreditEaApplicationTests]: class path resource [projects/mum/edu/ExtraCreditEaApplicationTests-context.xml] does not exist
18:21:23.845 [main] DEBUG org.springframework.test.context.support.AbstractContextLoader - Did not detect default resource location for test class [projects.mum.edu.ExtraCreditEaApplicationTests]: class path resource [projects/mum/edu/ExtraCreditEaApplicationTestsContext.groovy] does not exist
18:21:23.845 [main] INFO org.springframework.test.context.support.AbstractContextLoader - Could not detect default resource locations for test class [projects.mum.edu.ExtraCreditEaApplicationTests]: no resource found for suffixes {-context.xml, Context.groovy}.
18:21:23.846 [main] INFO org.springframework.test.context.support.AnnotationConfigContextLoaderUtils - Could not detect default configuration classes for test class [projects.mum.edu.ExtraCreditEaApplicationTests]: ExtraCreditEaApplicationTests does not declare any static, non-private, non-final, nested classes annotated with @Configuration.
18:21:23.894 [main] DEBUG org.springframework.test.context.support.ActiveProfilesUtils - Could not find an 'annotation declaring class' for annotation type [org.springframework.test.context.ActiveProfiles] and class [projects.mum.edu.ExtraCreditEaApplicationTests]
18:21:23.960 [main] DEBUG org.springframework.core.env.StandardEnvironment - Adding [systemProperties] PropertySource with lowest search precedence
18:21:23.960 [main] DEBUG org.springframework.core.env.StandardEnvironment - Adding [systemEnvironment] PropertySource with lowest search precedence
18:21:23.960 [main] DEBUG org.springframework.core.env.StandardEnvironment - Initialized StandardEnvironment with PropertySources [systemProperties,systemEnvironment]
18:21:23.974 [main] DEBUG org.springframework.core.io.support.PathMatchingResourcePatternResolver - Resolved classpath location [projects/mum/edu/] to resources [URL [file:/C:/Users/sahib/Documents/workspace-sts-3.8.1.RELEASE/extra-credit-ea/target/test-classes/projects/mum/edu/], URL [file:/C:/Users/sahib/Documents/workspace-sts-3.8.1.RELEASE/extra-credit-ea/target/classes/projects/mum/edu/]]
18:21:23.974 [main] DEBUG org.springframework.core.io.support.PathMatchingResourcePatternResolver - Looking for matching resources in directory tree [C:\Users\sahib\Documents\workspace-sts-3.8.1.RELEASE\extra-credit-ea\target\test-classes\projects\mum\edu]
18:21:23.975 [main] DEBUG org.springframework.core.io.support.PathMatchingResourcePatternResolver - Searching directory [C:\Users\sahib\Documents\workspace-sts-3.8.1.RELEASE\extra-credit-ea\target\test-classes\projects\mum\edu] for files matching pattern [C:/Users/sahib/Documents/workspace-sts-3.8.1.RELEASE/extra-credit-ea/target/test-classes/projects/mum/edu/*.class]
18:21:23.978 [main] DEBUG org.springframework.core.io.support.PathMatchingResourcePatternResolver - Looking for matching resources in directory tree [C:\Users\sahib\Documents\workspace-sts-3.8.1.RELEASE\extra-credit-ea\target\classes\projects\mum\edu]
18:21:23.979 [main] DEBUG org.springframework.core.io.support.PathMatchingResourcePatternResolver - Searching directory [C:\Users\sahib\Documents\workspace-sts-3.8.1.RELEASE\extra-credit-ea\target\classes\projects\mum\edu] for files matching pattern [C:/Users/sahib/Documents/workspace-sts-3.8.1.RELEASE/extra-credit-ea/target/classes/projects/mum/edu/*.class]
18:21:23.980 [main] DEBUG org.springframework.core.io.support.PathMatchingResourcePatternResolver - Resolved location pattern [classpath*:projects/mum/edu/*.class] to resources [file [C:\Users\sahib\Documents\workspace-sts-3.8.1.RELEASE\extra-credit-ea\target\test-classes\projects\mum\edu\ExtraCreditEaApplicationTests.class]]
18:21:24.000 [main] DEBUG org.springframework.core.io.support.PathMatchingResourcePatternResolver - Resolved classpath location [projects/mum/] to resources [URL [file:/C:/Users/sahib/Documents/workspace-sts-3.8.1.RELEASE/extra-credit-ea/target/test-classes/projects/mum/], URL [file:/C:/Users/sahib/Documents/workspace-sts-3.8.1.RELEASE/extra-credit-ea/target/classes/projects/mum/]]
18:21:24.000 [main] DEBUG org.springframework.core.io.support.PathMatchingResourcePatternResolver - Looking for matching resources in directory tree [C:\Users\sahib\Documents\workspace-sts-3.8.1.RELEASE\extra-credit-ea\target\test-classes\projects\mum]
18:21:24.000 [main] DEBUG org.springframework.core.io.support.PathMatchingResourcePatternResolver - Searching directory [C:\Users\sahib\Documents\workspace-sts-3.8.1.RELEASE\extra-credit-ea\target\test-classes\projects\mum] for files matching pattern [C:/Users/sahib/Documents/workspace-sts-3.8.1.RELEASE/extra-credit-ea/target/test-classes/projects/mum/*.class]
18:21:24.001 [main] DEBUG org.springframework.core.io.support.PathMatchingResourcePatternResolver - Looking for matching resources in directory tree [C:\Users\sahib\Documents\workspace-sts-3.8.1.RELEASE\extra-credit-ea\target\classes\projects\mum]
18:21:24.001 [main] DEBUG org.springframework.core.io.support.PathMatchingResourcePatternResolver - Searching directory [C:\Users\sahib\Documents\workspace-sts-3.8.1.RELEASE\extra-credit-ea\target\classes\projects\mum] for files matching pattern [C:/Users/sahib/Documents/workspace-sts-3.8.1.RELEASE/extra-credit-ea/target/classes/projects/mum/*.class]
18:21:24.002 [main] DEBUG org.springframework.core.io.support.PathMatchingResourcePatternResolver - Resolved location pattern [classpath*:projects/mum/*.class] to resources []
18:21:24.003 [main] DEBUG org.springframework.core.io.support.PathMatchingResourcePatternResolver - Resolved classpath location [projects/] to resources [URL [file:/C:/Users/sahib/Documents/workspace-sts-3.8.1.RELEASE/extra-credit-ea/target/test-classes/projects/], URL [file:/C:/Users/sahib/Documents/workspace-sts-3.8.1.RELEASE/extra-credit-ea/target/classes/projects/]]
18:21:24.004 [main] DEBUG org.springframework.core.io.support.PathMatchingResourcePatternResolver - Looking for matching resources in directory tree [C:\Users\sahib\Documents\workspace-sts-3.8.1.RELEASE\extra-credit-ea\target\test-classes\projects]
18:21:24.004 [main] DEBUG org.springframework.core.io.support.PathMatchingResourcePatternResolver - Searching directory [C:\Users\sahib\Documents\workspace-sts-3.8.1.RELEASE\extra-credit-ea\target\test-classes\projects] for files matching pattern [C:/Users/sahib/Documents/workspace-sts-3.8.1.RELEASE/extra-credit-ea/target/test-classes/projects/*.class]
18:21:24.007 [main] DEBUG org.springframework.core.io.support.PathMatchingResourcePatternResolver - Looking for matching resources in directory tree [C:\Users\sahib\Documents\workspace-sts-3.8.1.RELEASE\extra-credit-ea\target\classes\projects]
18:21:24.007 [main] DEBUG org.springframework.core.io.support.PathMatchingResourcePatternResolver - Searching directory [C:\Users\sahib\Documents\workspace-sts-3.8.1.RELEASE\extra-credit-ea\target\classes\projects] for files matching pattern [C:/Users/sahib/Documents/workspace-sts-3.8.1.RELEASE/extra-credit-ea/target/classes/projects/*.class]
18:21:24.008 [main] DEBUG org.springframework.core.io.support.PathMatchingResourcePatternResolver - Resolved location pattern [classpath*:projects/*.class] to resources []
18:21:24.017 [main] DEBUG org.springframework.test.context.junit4.SpringJUnit4ClassRunner - SpringJUnit4ClassRunner constructor called with [class projects.mum.edu.ExtraCreditEaApplicationTests]
18:21:24.018 [main] DEBUG org.springframework.test.context.BootstrapUtils - Instantiating CacheAwareContextLoaderDelegate from class [org.springframework.test.context.cache.DefaultCacheAwareContextLoaderDelegate]
18:21:24.018 [main] DEBUG org.springframework.test.context.BootstrapUtils - Instantiating BootstrapContext using constructor [public org.springframework.test.context.support.DefaultBootstrapContext(java.lang.Class,org.springframework.test.context.CacheAwareContextLoaderDelegate)]
18:21:24.018 [main] DEBUG org.springframework.test.context.BootstrapUtils - Instantiating TestContextBootstrapper for test class [projects.mum.edu.ExtraCreditEaApplicationTests] from class [org.springframework.boot.test.context.SpringBootTestContextBootstrapper]
18:21:24.019 [main] INFO org.springframework.boot.test.context.SpringBootTestContextBootstrapper - Neither @ContextConfiguration nor @ContextHierarchy found for test class [projects.mum.edu.ExtraCreditEaApplicationTests], using SpringBootContextLoader
18:21:24.021 [main] DEBUG org.springframework.test.context.support.AbstractContextLoader - Did not detect default resource location for test class [projects.mum.edu.ExtraCreditEaApplicationTests]: class path resource [projects/mum/edu/ExtraCreditEaApplicationTests-context.xml] does not exist
18:21:24.023 [main] DEBUG org.springframework.test.context.support.AbstractContextLoader - Did not detect default resource location for test class [projects.mum.edu.ExtraCreditEaApplicationTests]: class path resource [projects/mum/edu/ExtraCreditEaApplicationTestsContext.groovy] does not exist
18:21:24.023 [main] INFO org.springframework.test.context.support.AbstractContextLoader - Could not detect default resource locations for test class [projects.mum.edu.ExtraCreditEaApplicationTests]: no resource found for suffixes {-context.xml, Context.groovy}.
18:21:24.023 [main] INFO org.springframework.test.context.support.AnnotationConfigContextLoaderUtils - Could not detect default configuration classes for test class [projects.mum.edu.ExtraCreditEaApplicationTests]: ExtraCreditEaApplicationTests does not declare any static, non-private, non-final, nested classes annotated with @Configuration.
18:21:24.032 [main] DEBUG org.springframework.test.context.support.ActiveProfilesUtils - Could not find an 'annotation declaring class' for annotation type [org.springframework.test.context.ActiveProfiles] and class [projects.mum.edu.ExtraCreditEaApplicationTests]
18:21:24.035 [main] DEBUG org.springframework.core.env.StandardEnvironment - Adding [systemProperties] PropertySource with lowest search precedence
18:21:24.035 [main] DEBUG org.springframework.core.env.StandardEnvironment - Adding [systemEnvironment] PropertySource with lowest search precedence
18:21:24.035 [main] DEBUG org.springframework.core.env.StandardEnvironment - Initialized StandardEnvironment with PropertySources [systemProperties,systemEnvironment]
18:21:24.036 [main] DEBUG org.springframework.core.io.support.PathMatchingResourcePatternResolver - Resolved classpath location [projects/mum/edu/] to resources [URL [file:/C:/Users/sahib/Documents/workspace-sts-3.8.1.RELEASE/extra-credit-ea/target/test-classes/projects/mum/edu/], URL [file:/C:/Users/sahib/Documents/workspace-sts-3.8.1.RELEASE/extra-credit-ea/target/classes/projects/mum/edu/]]
18:21:24.036 [main] DEBUG org.springframework.core.io.support.PathMatchingResourcePatternResolver - Looking for matching resources in directory tree [C:\Users\sahib\Documents\workspace-sts-3.8.1.RELEASE\extra-credit-ea\target\test-classes\projects\mum\edu]
18:21:24.036 [main] DEBUG org.springframework.core.io.support.PathMatchingResourcePatternResolver - Searching directory [C:\Users\sahib\Documents\workspace-sts-3.8.1.RELEASE\extra-credit-ea\target\test-classes\projects\mum\edu] for files matching pattern [C:/Users/sahib/Documents/workspace-sts-3.8.1.RELEASE/extra-credit-ea/target/test-classes/projects/mum/edu/*.class]
18:21:24.038 [main] DEBUG org.springframework.core.io.support.PathMatchingResourcePatternResolver - Looking for matching resources in directory tree [C:\Users\sahib\Documents\workspace-sts-3.8.1.RELEASE\extra-credit-ea\target\classes\projects\mum\edu]
18:21:24.038 [main] DEBUG org.springframework.core.io.support.PathMatchingResourcePatternResolver - Searching directory [C:\Users\sahib\Documents\workspace-sts-3.8.1.RELEASE\extra-credit-ea\target\classes\projects\mum\edu] for files matching pattern [C:/Users/sahib/Documents/workspace-sts-3.8.1.RELEASE/extra-credit-ea/target/classes/projects/mum/edu/*.class]
18:21:24.039 [main] DEBUG org.springframework.core.io.support.PathMatchingResourcePatternResolver - Resolved location pattern [classpath*:projects/mum/edu/*.class] to resources [file [C:\Users\sahib\Documents\workspace-sts-3.8.1.RELEASE\extra-credit-ea\target\test-classes\projects\mum\edu\ExtraCreditEaApplicationTests.class]]
18:21:24.040 [main] DEBUG org.springframework.core.io.support.PathMatchingResourcePatternResolver - Resolved classpath location [projects/mum/] to resources [URL [file:/C:/Users/sahib/Documents/workspace-sts-3.8.1.RELEASE/extra-credit-ea/target/test-classes/projects/mum/], URL [file:/C:/Users/sahib/Documents/workspace-sts-3.8.1.RELEASE/extra-credit-ea/target/classes/projects/mum/]]
18:21:24.041 [main] DEBUG org.springframework.core.io.support.PathMatchingResourcePatternResolver - Looking for matching resources in directory tree [C:\Users\sahib\Documents\workspace-sts-3.8.1.RELEASE\extra-credit-ea\target\test-classes\projects\mum]
18:21:24.041 [main] DEBUG org.springframework.core.io.support.PathMatchingResourcePatternResolver - Searching directory [C:\Users\sahib\Documents\workspace-sts-3.8.1.RELEASE\extra-credit-ea\target\test-classes\projects\mum] for files matching pattern [C:/Users/sahib/Documents/workspace-sts-3.8.1.RELEASE/extra-credit-ea/target/test-classes/projects/mum/*.class]
18:21:24.042 [main] DEBUG org.springframework.core.io.support.PathMatchingResourcePatternResolver - Looking for matching resources in directory tree [C:\Users\sahib\Documents\workspace-sts-3.8.1.RELEASE\extra-credit-ea\target\classes\projects\mum]
18:21:24.042 [main] DEBUG org.springframework.core.io.support.PathMatchingResourcePatternResolver - Searching directory [C:\Users\sahib\Documents\workspace-sts-3.8.1.RELEASE\extra-credit-ea\target\classes\projects\mum] for files matching pattern [C:/Users/sahib/Documents/workspace-sts-3.8.1.RELEASE/extra-credit-ea/target/classes/projects/mum/*.class]
18:21:24.043 [main] DEBUG org.springframework.core.io.support.PathMatchingResourcePatternResolver - Resolved location pattern [classpath*:projects/mum/*.class] to resources []
18:21:24.043 [main] DEBUG org.springframework.core.io.support.PathMatchingResourcePatternResolver - Resolved classpath location [projects/] to resources [URL [file:/C:/Users/sahib/Documents/workspace-sts-3.8.1.RELEASE/extra-credit-ea/target/test-classes/projects/], URL [file:/C:/Users/sahib/Documents/workspace-sts-3.8.1.RELEASE/extra-credit-ea/target/classes/projects/]]
18:21:24.043 [main] DEBUG org.springframework.core.io.support.PathMatchingResourcePatternResolver - Looking for matching resources in directory tree [C:\Users\sahib\Documents\workspace-sts-3.8.1.RELEASE\extra-credit-ea\target\test-classes\projects]
18:21:24.044 [main] DEBUG org.springframework.core.io.support.PathMatchingResourcePatternResolver - Searching directory [C:\Users\sahib\Documents\workspace-sts-3.8.1.RELEASE\extra-credit-ea\target\test-classes\projects] for files matching pattern [C:/Users/sahib/Documents/workspace-sts-3.8.1.RELEASE/extra-credit-ea/target/test-classes/projects/*.class]
18:21:24.045 [main] DEBUG org.springframework.core.io.support.PathMatchingResourcePatternResolver - Looking for matching resources in directory tree [C:\Users\sahib\Documents\workspace-sts-3.8.1.RELEASE\extra-credit-ea\target\classes\projects]
18:21:24.045 [main] DEBUG org.springframework.core.io.support.PathMatchingResourcePatternResolver - Searching directory [C:\Users\sahib\Documents\workspace-sts-3.8.1.RELEASE\extra-credit-ea\target\classes\projects] for files matching pattern [C:/Users/sahib/Documents/workspace-sts-3.8.1.RELEASE/extra-credit-ea/target/classes/projects/*.class]
18:21:24.046 [main] DEBUG org.springframework.core.io.support.PathMatchingResourcePatternResolver - Resolved location pattern [classpath*:projects/*.class] to resources []
]]></system-out>
  </testcase>
</testsuite>